Drill report for esp32_programmer.kicad_pcb
Created on Sunday, January 07, 2024 at 11:32:08 AM

Copper Layer Stackup:
    =============================================================
    L1 :  F.Cu                      front
    L2 :  B.Cu                      back


Drill file 'esp32_programmer-PTH-drl.gbr' contains
    plated through holes:
    =============================================================
    T1  0.400mm  0.0157"  (26 holes)
    T2  0.500mm  0.0197"  (11 holes)
    T3  0.600mm  0.0236"  (4 holes)  (with 4 slots)
    T4  0.750mm  0.0295"  (6 holes)
    T5  0.762mm  0.0300"  (22 holes)
    T6  1.100mm  0.0433"  (8 holes)

    Total plated holes count 77


Drill file 'esp32_programmer-NPTH-drl.gbr' contains
    unplated through holes:
    =============================================================
    T1  0.600mm  0.0236"  (2 holes)
    T2  2.500mm  0.0984"  (2 holes)

    Total unplated holes count 4
